# JRE version: OpenJDK Runtime Environment Temurin-21.0.11+10 (21.0.11+10) (build 21.0.11+10-LTS)
# Java VM: OpenJDK 64-Bit Server VM Temurin-21.0.11+10 (21.0.11+10-LTS, mixed mode, sharing, tiered, compressed oops, compressed class ptrs, parallel gc, windows-amd64)
GC Precious Log:
 CardTable entry size: 512
 CPUs: 4 total, 4 available
 Memory: 8089M
 Large Page Support: Disabled
 NUMA Support: Disabled
 Compressed Oops: Enabled (32-bit)
 Alignments: Space 512K, Generation 512K, Heap 2M
 Heap Min Capacity: 100M
 Heap Initial Capacity: 100M
 Heap Max Capacity: 2G
 Pre-touch: Disabled
 Parallel Workers: 4
Heap:
 PSYoungGen      total 13824K, used 9649K [0x00000000d5580000, 0x00000000d6600000, 0x0000000100000000)
  eden space 11776K, 67% used [0x00000000d5580000,0x00000000d5d3abb8,0x00000000d6100000)
  from space 2048K, 84% used [0x00000000d6100000,0x00000000d62b1b68,0x00000000d6300000)
  to   space 2560K, 0% used [0x00000000d6380000,0x00000000d6380000,0x00000000d6600000)
 ParOldGen       total 68608K, used 52084K [0x0000000080000000, 0x0000000084300000, 0x00000000d5580000)
  object space 68608K, 75% used [0x0000000080000000,0x00000000832dd388,0x0000000084300000)
 Metaspace       used 63967K, committed 65216K, reserved 1114112K
  class space    used 6927K, committed 7488K, reserved 1048576K
GC Heap History (20 events):
Event: 88.410 GC heap before
{Heap before GC invocations=33 (full 2):
 PSYoungGen      total 18944K, used 18877K [0x00000000d5580000, 0x00000000d6b80000, 0x0000000100000000)
  eden space 17408K, 100% used [0x00000000d5580000,0x00000000d6680000,0x00000000d6680000)
  from space 1536K, 95% used [0x00000000d6a00000,0x00000000d6b6f730,0x00000000d6b80000)
  to   space 2560K, 0% used [0x00000000d6680000,0x00000000d6680000,0x00000000d6900000)
 ParOldGen       total 68608K, used 46416K [0x0000000080000000, 0x0000000084300000, 0x00000000d5580000)
  object space 68608K, 67% used [0x0000000080000000,0x0000000082d540d8,0x0000000084300000)
 Metaspace       used 56273K, committed 57344K, reserved 1114112K
  class space    used 6195K, committed 6656K, reserved 1048576K
}
Event: 88.415 GC heap after
{Heap after GC invocations=33 (full 2):
 PSYoungGen      total 19968K, used 1294K [0x00000000d5580000, 0x00000000d6a80000, 0x0000000100000000)
  eden space 17408K, 0% used [0x00000000d5580000,0x00000000d5580000,0x00000000d6680000)
  from space 2560K, 50% used [0x00000000d6680000,0x00000000d67c3a78,0x00000000d6900000)
  to   space 1536K, 0% used [0x00000000d6900000,0x00000000d6900000,0x00000000d6a80000)
 ParOldGen       total 68608K, used 47766K [0x0000000080000000, 0x0000000084300000, 0x00000000d5580000)
  object space 68608K, 69% used [0x0000000080000000,0x0000000082ea5908,0x0000000084300000)
 Metaspace       used 56273K, committed 57344K, reserved 1114112K
  class space    used 6195K, committed 6656K, reserved 1048576K
}
Event: 89.750 GC heap before
{Heap before GC invocations=34 (full 2):
 PSYoungGen      total 19968K, used 18702K [0x00000000d5580000, 0x00000000d6a80000, 0x0000000100000000)
  eden space 17408K, 100% used [0x00000000d5580000,0x00000000d6680000,0x00000000d6680000)
  from space 2560K, 50% used [0x00000000d6680000,0x00000000d67c3a78,0x00000000d6900000)
  to   space 1536K, 0% used [0x00000000d6900000,0x00000000d6900000,0x00000000d6a80000)
 ParOldGen       total 68608K, used 47766K [0x0000000080000000, 0x0000000084300000, 0x00000000d5580000)
  object space 68608K, 69% used [0x0000000080000000,0x0000000082ea5908,0x0000000084300000)
 Metaspace       used 57491K, committed 58560K, reserved 1114112K
  class space    used 6275K, committed 6784K, reserved 1048576K
}
Event: 89.761 GC heap after
{Heap after GC invocations=34 (full 2):
 PSYoungGen      total 16896K, used 1528K [0x00000000d5580000, 0x00000000d6f80000, 0x0000000100000000)
  eden space 15360K, 0% used [0x00000000d5580000,0x00000000d5580000,0x00000000d6480000)
  from space 1536K, 99% used [0x00000000d6900000,0x00000000d6a7e258,0x00000000d6a80000)
  to   space 4608K, 0% used [0x00000000d6480000,0x00000000d6480000,0x00000000d6900000)
 ParOldGen       total 68608K, used 50100K [0x0000000080000000, 0x0000000084300000, 0x00000000d5580000)
  object space 68608K, 73% used [0x0000000080000000,0x00000000830ed330,0x0000000084300000)
 Metaspace       used 57491K, committed 58560K, reserved 1114112K
  class space    used 6275K, committed 6784K, reserved 1048576K
}
Event: 90.764 GC heap before
{Heap before GC invocations=35 (full 2):
 PSYoungGen      total 16896K, used 16888K [0x00000000d5580000, 0x00000000d6f80000, 0x0000000100000000)
  eden space 15360K, 100% used [0x00000000d5580000,0x00000000d6480000,0x00000000d6480000)
  from space 1536K, 99% used [0x00000000d6900000,0x00000000d6a7e258,0x00000000d6a80000)
  to   space 4608K, 0% used [0x00000000d6480000,0x00000000d6480000,0x00000000d6900000)
 ParOldGen       total 68608K, used 50100K [0x0000000080000000, 0x0000000084300000, 0x00000000d5580000)
  object space 68608K, 73% used [0x0000000080000000,0x00000000830ed330,0x0000000084300000)
 Metaspace       used 57514K, committed 58560K, reserved 1114112K
  class space    used 6275K, committed 6784K, reserved 1048576K
}
Event: 90.769 GC heap after
{Heap after GC invocations=35 (full 2):
 PSYoungGen      total 16896K, used 1473K [0x00000000d5580000, 0x00000000d6980000, 0x0000000100000000)
  eden space 15360K, 0% used [0x00000000d5580000,0x00000000d5580000,0x00000000d6480000)
  from space 1536K, 95% used [0x00000000d6480000,0x00000000d65f04f0,0x00000000d6600000)
  to   space 2560K, 0% used [0x00000000d6700000,0x00000000d6700000,0x00000000d6980000)
 ParOldGen       total 68608K, used 51620K [0x0000000080000000, 0x0000000084300000, 0x00000000d5580000)
  object space 68608K, 75% used [0x0000000080000000,0x0000000083269018,0x0000000084300000)
 Metaspace       used 57514K, committed 58560K, reserved 1114112K
  class space    used 6275K, committed 6784K, reserved 1048576K
}
Event: 91.095 GC heap before
{Heap before GC invocations=36 (full 2):
 PSYoungGen      total 16896K, used 16833K [0x00000000d5580000, 0x00000000d6980000, 0x0000000100000000)
  eden space 15360K, 100% used [0x00000000d5580000,0x00000000d6480000,0x00000000d6480000)
  from space 1536K, 95% used [0x00000000d6480000,0x00000000d65f04f0,0x00000000d6600000)
  to   space 2560K, 0% used [0x00000000d6700000,0x00000000d6700000,0x00000000d6980000)
 ParOldGen       total 68608K, used 51620K [0x0000000080000000, 0x0000000084300000, 0x00000000d5580000)
  object space 68608K, 75% used [0x0000000080000000,0x0000000083269018,0x0000000084300000)
 Metaspace       used 57521K, committed 58560K, reserved 1114112K
  class space    used 6275K, committed 6784K, reserved 1048576K
}
Event: 91.098 GC heap after
{Heap after GC invocations=36 (full 2):
 PSYoungGen      total 16384K, used 989K [0x00000000d5580000, 0x00000000d6800000, 0x0000000100000000)
  eden space 15360K, 0% used [0x00000000d5580000,0x00000000d5580000,0x00000000d6480000)
  from space 1024K, 96% used [0x00000000d6700000,0x00000000d67f7458,0x00000000d6800000)
  to   space 1536K, 0% used [0x00000000d6500000,0x00000000d6500000,0x00000000d6680000)
 ParOldGen       total 68608K, used 51962K [0x0000000080000000, 0x0000000084300000, 0x00000000d5580000)
  object space 68608K, 75% used [0x0000000080000000,0x00000000832beae8,0x0000000084300000)
 Metaspace       used 57521K, committed 58560K, reserved 1114112K
  class space    used 6275K, committed 6784K, reserved 1048576K
}
Event: 91.570 GC heap before
{Heap before GC invocations=37 (full 2):
 PSYoungGen      total 16384K, used 12173K [0x00000000d5580000, 0x00000000d6800000, 0x0000000100000000)
  eden space 15360K, 72% used [0x00000000d5580000,0x00000000d606c200,0x00000000d6480000)
  from space 1024K, 96% used [0x00000000d6700000,0x00000000d67f7458,0x00000000d6800000)
  to   space 1536K, 0% used [0x00000000d6500000,0x00000000d6500000,0x00000000d6680000)
 ParOldGen       total 68608K, used 51962K [0x0000000080000000, 0x0000000084300000, 0x00000000d5580000)
  object space 68608K, 75% used [0x0000000080000000,0x00000000832beae8,0x0000000084300000)
 Metaspace       used 58715K, committed 59776K, reserved 1114112K
  class space    used 6379K, committed 6848K, reserved 1048576K
}
Event: 91.579 GC heap after
{Heap after GC invocations=37 (full 2):
 PSYoungGen      total 16896K, used 556K [0x00000000d5580000, 0x00000000d6780000, 0x0000000100000000)
  eden space 15360K, 0% used [0x00000000d5580000,0x00000000d5580000,0x00000000d6480000)
  from space 1536K, 36% used [0x00000000d6500000,0x00000000d658b018,0x00000000d6680000)
  to   space 1024K, 0% used [0x00000000d6680000,0x00000000d6680000,0x00000000d6780000)
 ParOldGen       total 68608K, used 52093K [0x0000000080000000, 0x0000000084300000, 0x00000000d5580000)
  object space 68608K, 75% used [0x0000000080000000,0x00000000832df470,0x0000000084300000)
 Metaspace       used 58715K, committed 59776K, reserved 1114112K
  class space    used 6379K, committed 6848K, reserved 1048576K
}
Event: 91.579 GC heap before
{Heap before GC invocations=38 (full 3):
 PSYoungGen      total 16896K, used 556K [0x00000000d5580000, 0x00000000d6780000, 0x0000000100000000)
  eden space 15360K, 0% used [0x00000000d5580000,0x00000000d5580000,0x00000000d6480000)
  from space 1536K, 36% used [0x00000000d6500000,0x00000000d658b018,0x00000000d6680000)
  to   space 1024K, 0% used [0x00000000d6680000,0x00000000d6680000,0x00000000d6780000)
 ParOldGen       total 68608K, used 52093K [0x0000000080000000, 0x0000000084300000, 0x00000000d5580000)
  object space 68608K, 75% used [0x0000000080000000,0x00000000832df470,0x0000000084300000)
 Metaspace       used 58715K, committed 59776K, reserved 1114112K
  class space    used 6379K, committed 6848K, reserved 1048576K
}
Event: 91.913 GC heap after
{Heap after GC invocations=38 (full 3):
 PSYoungGen      total 16896K, used 0K [0x00000000d5580000, 0x00000000d6780000, 0x0000000100000000)
  eden space 15360K, 0% used [0x00000000d5580000,0x00000000d5580000,0x00000000d6480000)
  from space 1536K, 0% used [0x00000000d6500000,0x00000000d6500000,0x00000000d6680000)
  to   space 1024K, 0% used [0x00000000d6680000,0x00000000d6680000,0x00000000d6780000)
 ParOldGen       total 68608K, used 46575K [0x0000000080000000, 0x0000000084300000, 0x00000000d5580000)
  object space 68608K, 67% used [0x0000000080000000,0x0000000082d7bc98,0x0000000084300000)
 Metaspace       used 58715K, committed 59776K, reserved 1114112K
  class space    used 6379K, committed 6848K, reserved 1048576K
}
Event: 93.488 GC heap before
{Heap before GC invocations=39 (full 3):
 PSYoungGen      total 16896K, used 15325K [0x00000000d5580000, 0x00000000d6780000, 0x0000000100000000)
  eden space 15360K, 99% used [0x00000000d5580000,0x00000000d6477570,0x00000000d6480000)
  from space 1536K, 0% used [0x00000000d6500000,0x00000000d6500000,0x00000000d6680000)
  to   space 1024K, 0% used [0x00000000d6680000,0x00000000d6680000,0x00000000d6780000)
 ParOldGen       total 68608K, used 46575K [0x0000000080000000, 0x0000000084300000, 0x00000000d5580000)
  object space 68608K, 67% used [0x0000000080000000,0x0000000082d7bc98,0x0000000084300000)
 Metaspace       used 60154K, committed 61376K, reserved 1114112K
  class space    used 6523K, committed 7104K, reserved 1048576K
}
Event: 93.497 GC heap after
{Heap after GC invocations=39 (full 3):
 PSYoungGen      total 15872K, used 1016K [0x00000000d5580000, 0x00000000d6980000, 0x0000000100000000)
  eden space 14848K, 0% used [0x00000000d5580000,0x00000000d5580000,0x00000000d6400000)
  from space 1024K, 99% used [0x00000000d6680000,0x00000000d677e260,0x00000000d6780000)
  to   space 2560K, 0% used [0x00000000d6400000,0x00000000d6400000,0x00000000d6680000)
 ParOldGen       total 68608K, used 47503K [0x0000000080000000, 0x0000000084300000, 0x00000000d5580000)
  object space 68608K, 69% used [0x0000000080000000,0x0000000082e63f60,0x0000000084300000)
 Metaspace       used 60154K, committed 61376K, reserved 1114112K
  class space    used 6523K, committed 7104K, reserved 1048576K
}
Event: 95.524 GC heap before
{Heap before GC invocations=40 (full 3):
 PSYoungGen      total 15872K, used 15864K [0x00000000d5580000, 0x00000000d6980000, 0x0000000100000000)
  eden space 14848K, 100% used [0x00000000d5580000,0x00000000d6400000,0x00000000d6400000)
  from space 1024K, 99% used [0x00000000d6680000,0x00000000d677e260,0x00000000d6780000)
  to   space 2560K, 0% used [0x00000000d6400000,0x00000000d6400000,0x00000000d6680000)
 ParOldGen       total 68608K, used 47503K [0x0000000080000000, 0x0000000084300000, 0x00000000d5580000)
  object space 68608K, 69% used [0x0000000080000000,0x0000000082e63f60,0x0000000084300000)
 Metaspace       used 61292K, committed 62464K, reserved 1114112K
  class space    used 6657K, committed 7168K, reserved 1048576K
}
Event: 95.528 GC heap after
{Heap after GC invocations=40 (full 3):
 PSYoungGen      total 16384K, used 1285K [0x00000000d5580000, 0x00000000d6700000, 0x0000000100000000)
  eden space 14848K, 0% used [0x00000000d5580000,0x00000000d5580000,0x00000000d6400000)
  from space 1536K, 83% used [0x00000000d6400000,0x00000000d6541520,0x00000000d6580000)
  to   space 1536K, 0% used [0x00000000d6580000,0x00000000d6580000,0x00000000d6700000)
 ParOldGen       total 68608K, used 48348K [0x0000000080000000, 0x0000000084300000, 0x00000000d5580000)
  object space 68608K, 70% used [0x0000000080000000,0x0000000082f37338,0x0000000084300000)
 Metaspace       used 61292K, committed 62464K, reserved 1114112K
  class space    used 6657K, committed 7168K, reserved 1048576K
}
Event: 96.988 GC heap before
{Heap before GC invocations=41 (full 3):
 PSYoungGen      total 16384K, used 16133K [0x00000000d5580000, 0x00000000d6700000, 0x0000000100000000)
  eden space 14848K, 100% used [0x00000000d5580000,0x00000000d6400000,0x00000000d6400000)
  from space 1536K, 83% used [0x00000000d6400000,0x00000000d6541520,0x00000000d6580000)
  to   space 1536K, 0% used [0x00000000d6580000,0x00000000d6580000,0x00000000d6700000)
 ParOldGen       total 68608K, used 48348K [0x0000000080000000, 0x0000000084300000, 0x00000000d5580000)
  object space 68608K, 70% used [0x0000000080000000,0x0000000082f37338,0x0000000084300000)
 Metaspace       used 62362K, committed 63616K, reserved 1114112K
  class space    used 6792K, committed 7360K, reserved 1048576K
}
Event: 96.998 GC heap after
{Heap after GC invocations=41 (full 3):
 PSYoungGen      total 13312K, used 1511K [0x00000000d5580000, 0x00000000d6d00000, 0x0000000100000000)
  eden space 11776K, 0% used [0x00000000d5580000,0x00000000d5580000,0x00000000d6100000)
  from space 1536K, 98% used [0x00000000d6580000,0x00000000d66f9d90,0x00000000d6700000)
  to   space 4608K, 0% used [0x00000000d6100000,0x00000000d6100000,0x00000000d6580000)
 ParOldGen       total 68608K, used 50561K [0x0000000080000000, 0x0000000084300000, 0x00000000d5580000)
  object space 68608K, 73% used [0x0000000080000000,0x00000000831607d0,0x0000000084300000)
 Metaspace       used 62362K, committed 63616K, reserved 1114112K
  class space    used 6792K, committed 7360K, reserved 1048576K
}
Event: 97.939 GC heap before
{Heap before GC invocations=42 (full 3):
 PSYoungGen      total 13312K, used 13287K [0x00000000d5580000, 0x00000000d6d00000, 0x0000000100000000)
  eden space 11776K, 99% used [0x00000000d5580000,0x00000000d60ffff0,0x00000000d6100000)
  from space 1536K, 98% used [0x00000000d6580000,0x00000000d66f9d90,0x00000000d6700000)
  to   space 4608K, 0% used [0x00000000d6100000,0x00000000d6100000,0x00000000d6580000)
 ParOldGen       total 68608K, used 50561K [0x0000000080000000, 0x0000000084300000, 0x00000000d5580000)
  object space 68608K, 73% used [0x0000000080000000,0x00000000831607d0,0x0000000084300000)
 Metaspace       used 63427K, committed 64640K, reserved 1114112K
  class space    used 6873K, committed 7424K, reserved 1048576K
}
Event: 97.947 GC heap after
{Heap after GC invocations=42 (full 3):
 PSYoungGen      total 13824K, used 1734K [0x00000000d5580000, 0x00000000d6600000, 0x0000000100000000)
  eden space 11776K, 0% used [0x00000000d5580000,0x00000000d5580000,0x00000000d6100000)
  from space 2048K, 84% used [0x00000000d6100000,0x00000000d62b1b68,0x00000000d6300000)
  to   space 2560K, 0% used [0x00000000d6380000,0x00000000d6380000,0x00000000d6600000)
 ParOldGen       total 68608K, used 52084K [0x0000000080000000, 0x0000000084300000, 0x00000000d5580000)
  object space 68608K, 75% used [0x0000000080000000,0x00000000832dd388,0x0000000084300000)
 Metaspace       used 63427K, committed 64640K, reserved 1114112K
  class space    used 6873K, committed 7424K, reserved 1048576K
}

